This is pdfTeX, Version 3.141592653-2.6-1.40.25 (TeX Live 2023) (preloaded format=pdflatex 2023.5.10)  13 MAY 2023 19:05
entering extended mode
 restricted \write18 enabled.
 file:line:error style messages enabled.
 %&-line parsing enabled.
**README.md
(./README.md
LaTeX2e <2022-11-01> patch level 1
L3 programming layer <2023-02-22>

./README.md:1: LaTeX Error: Unicode character 📜 (U+1F4DC)
               not set up for use with LaTeX.

See the LaTeX manual or LaTeX Companion for explanation.
Type  H <return>  for immediate help.
 ...                                              
                                                  
l.1 📜
         Certificates
? 
./README.md:1: Emergency stop.
 ...                                              
                                                  
l.1 📜
         Certificates
You may provide a definition with
\DeclareUnicodeCharacter 

 
Here is how much of TeX's memory you used:
 19 strings out of 476025
 573 string characters out of 5790017
 1849388 words of memory out of 5000000
 20570 multiletter control sequences out of 15000+600000
 512287 words of font info for 32 fonts, out of 8000000 for 9000
 1141 hyphenation exceptions out of 8191
 13i,0n,12p,58b,14s stack positions out of 10000i,1000n,20000p,200000b,200000s
./README.md:1:  ==> Fatal error occurred, no output PDF file produced!
